<?xml version="1.0" encoding="UTF-8"?>
<!-- Generated by org.testng.reporters.JUnitXMLReporter -->
<testsuite ignored="0" hostname="LUNA" failures="0" tests="5" name="Default test" time="15.76" errors="0" timestamp="2023-02-24T03:13:34 AEDT">
  <testcase classname="io.nology.revenuetestingproject.AccountTest" name="clearInputAfterSubmission" time="0.122"/>
  <testcase classname="io.nology.revenuetestingproject.AccountTest" name="deleteAccount" time="5.309"/>
  <testcase classname="io.nology.revenuetestingproject.AccountTest" name="inputsRequired" time="0.076"/>
  <testcase classname="io.nology.revenuetestingproject.AccountTest" name="noAccountsOnPageLoad" time="0.007"/>
  <testcase classname="io.nology.revenuetestingproject.AccountTest" name="showNewAccountOnSubmission" time="5.158"/>
</testsuite> <!-- Default test -->
