<?xml version="1.0" encoding="UTF-8"?>
<!-- Generated by org.testng.reporters.JUnitXMLReporter -->
<testsuite ignored="0" hostname="LUNA" failures="0" tests="4" name="Default test" time="15.007" errors="0" timestamp="2023-02-03T03:40:57 AEDT">
  <testcase classname="io.nology.revenuetestingproject.AccountTest" name="clearInputAfterSubmission" time="0.125"/>
  <testcase classname="io.nology.revenuetestingproject.AccountTest" name="deleteAccount" time="5.379"/>
  <testcase classname="io.nology.revenuetestingproject.AccountTest" name="noAccountsOnPageLoad" time="0.007"/>
  <testcase classname="io.nology.revenuetestingproject.AccountTest" name="showNewAccountOnSubmission" time="5.098"/>
</testsuite> <!-- Default test -->
